<!DOCTYPE html PUBLIC "-//W3C//DTD XHTML 1.1//EN" "https://www.w3.org/TR/xhtml11/DTD/xhtml11.dtd">
<html xmlns="https://www.w3.org/1999/xhtml">
<head>
<meta http-equiv="content-type" content="text/html; charset=UTF-8"/>
<title>TestNG Report</title>
<style type="text/css">table {margin-bottom:10px;border-collapse:collapse;empty-cells:show}th,td {border:1px solid #009;padding:.25em .5em}th {vertical-align:bottom}td {vertical-align:top}table a {font-weight:bold}.stripe td {background-color: #E6EBF9}.num {text-align:right}.passedodd td {background-color: #3F3}.passedeven td {background-color: #0A0}.skippedodd td {background-color: #DDD}.skippedeven td {background-color: #CCC}.failedodd td,.attn {background-color: #F33}.failedeven td,.stripe .attn {background-color: #D00}.stacktrace {white-space:pre;font-family:monospace}.totop {font-size:85%;text-align:center;border-bottom:2px solid #000}.invisible {display:none}</style>
</head>
<body>
<table>
<tr><th>Test</th><th># Passed</th><th># Skipped</th><th># Retried</th><th># Failed</th><th>Time (ms)</th><th>Included Groups</th><th>Excluded Groups</th></tr>
<tr><th colspan="8">YADARA Automation Test Suite</th></tr>
<tr><td><a href="#t0">Checkout Test Cases</a></td><td class="num">2</td><td class="num">0</td><td class="num">0</td><td class="num attn">2</td><td class="num">92,509</td><td></td><td></td></tr>
</table>
<table id='summary'><thead><tr><th>Class</th><th>Method</th><th>Start</th><th>Time (ms)</th></tr></thead><tbody><tr><th colspan="4">YADARA Automation Test Suite</th></tr></tbody><tbody id="t0"><tr><th colspan="4">Checkout Test Cases &#8212; failed</th></tr><tr class="failedeven"><td rowspan="1">com.yadara.testcases.CheckoutTestcases</td><td><a href="#m0">TC_Checkout_Without_Signin_User</a></td><td rowspan="1">1684024516596</td><td rowspan="1">19053</td></tr><tr class="failedodd"><td rowspan="1">com.yadara.testcases.LoginTC01</td><td><a href="#m1">loginpage</a></td><td rowspan="1">1684024501195</td><td rowspan="1">6924</td></tr><tr><th colspan="4">Checkout Test Cases &#8212; passed</th></tr><tr class="passedeven"><td rowspan="1">com.yadara.testcases.CheckoutTestcases</td><td><a href="#m2">TC_Checkout_With_SignIn_User</a></td><td rowspan="1">1684024543092</td><td rowspan="1">25052</td></tr><tr class="passedodd"><td rowspan="1">com.yadara.testcases.LoginTC01</td><td><a href="#m3">clossbutton</a></td><td rowspan="1">1684024484269</td><td rowspan="1">2637</td></tr></tbody>
</table>
<h2>Checkout Test Cases</h2><h3 id="m0">com.yadara.testcases.CheckoutTestcases#TC_Checkout_Without_Signin_User</h3><table class="result"><tr class="param"><th>Parameter #1</th><th>Parameter #2</th><th>Parameter #3</th><th>Parameter #4</th><th>Parameter #5</th><th>Parameter #6</th><th>Parameter #7</th><th>Parameter #8</th><th>Parameter #9</th></tr><tr class="param stripe"><td>Yash</td><td>Kabra</td><td>4.11111111111E11</td><td>1226.0</td><td>321.0</td><td>1335.0</td><td>Indore</td><td>MP</td><td>34212.0</td></tr><tr><th colspan="9">Exception</th></tr><tr><td colspan="9"><div class="stacktrace">org.openqa.selenium.NoSuchElementException: no such element: Unable to locate element: {&quot;method&quot;:&quot;xpath&quot;,&quot;selector&quot;:&quot;//tbody/tr[1]/td[2]/div[1]/div[1]/div[2]/button[1]&quot;}
  (Session info: chrome=113.0.5672.93)
For documentation on this error, please visit: https://www.seleniumhq.org/exceptions/no_such_element.html
Build info: version: &apos;3.141.59&apos;, revision: &apos;e82be7d358&apos;, time: &apos;2018-11-14T08:17:03&apos;
System info: host: &apos;YASHU-LAPTOP&apos;, ip: &apos;192.168.1.8&apos;, os.name: &apos;Windows 11&apos;, os.arch: &apos;amd64&apos;, os.version: &apos;10.0&apos;, java.version: &apos;17.0.6&apos;
Driver info: org.openqa.selenium.chrome.ChromeDriver
Capabilities {acceptInsecureCerts: false, browserName: chrome, browserVersion: 113.0.5672.93, chrome: {chromedriverVersion: 112.0.5615.49 (bd2a7bcb881c..., userDataDir: C:\Users\yashk\AppData\Loca...}, goog:chromeOptions: {debuggerAddress: localhost:51529}, javascriptEnabled: true, networkConnectionEnabled: false, pageLoadStrategy: normal, platform: WINDOWS, platformName: WINDOWS, proxy: Proxy(), setWindowRect: true, strictFileInteractability: false, timeouts: {implicit: 0, pageLoad: 300000, script: 30000}, unhandledPromptBehavior: dismiss and notify, webauthn:extension:credBlob: true, webauthn:extension:largeBlob: true, webauthn:extension:minPinLength: true, webauthn:extension:prf: true, webauthn:virtualAuthenticators: true}
Session ID: d825f65b8f312a7d7e0c5eab5949adb1
*** Element info: {Using=xpath, value=//tbody/tr[1]/td[2]/div[1]/div[1]/div[2]/button[1]}
	at org.openqa.selenium.remote.http.W3CHttpResponseCodec.createException(W3CHttpResponseCodec.java:187)
	at org.openqa.selenium.remote.http.W3CHttpResponseCodec.decode(W3CHttpResponseCodec.java:122)
	at org.openqa.selenium.remote.http.W3CHttpResponseCodec.decode(W3CHttpResponseCodec.java:49)
	at org.openqa.selenium.remote.HttpCommandExecutor.execute(HttpCommandExecutor.java:158)
	at org.openqa.selenium.remote.service.DriverCommandExecutor.execute(DriverCommandExecutor.java:83)
	at org.openqa.selenium.remote.RemoteWebDriver.execute(RemoteWebDriver.java:552)
	at org.openqa.selenium.remote.RemoteWebDriver.findElement(RemoteWebDriver.java:323)
	at org.openqa.selenium.remote.RemoteWebDriver.findElementByXPath(RemoteWebDriver.java:428)
	at org.openqa.selenium.By$ByXPath.findElement(By.java:353)
	at org.openqa.selenium.remote.RemoteWebDriver.findElement(RemoteWebDriver.java:315)
	at org.openqa.selenium.support.events.EventFiringWebDriver.lambda$new$1(EventFiringWebDriver.java:105)
	at jdk.proxy2/jdk.proxy2.$Proxy11.findElement(Unknown Source)
	at org.openqa.selenium.support.events.EventFiringWebDriver.findElement(EventFiringWebDriver.java:194)
	at org.openqa.selenium.support.pagefactory.DefaultElementLocator.findElement(DefaultElementLocator.java:69)
	at org.openqa.selenium.support.pagefactory.internal.LocatingElementHandler.invoke(LocatingElementHandler.java:38)
	at jdk.proxy2/jdk.proxy2.$Proxy16.click(Unknown Source)
	at com.yadara.pages.CategoriesPage.addtocartcategory(CategoriesPage.java:30)
	at com.yadara.testcases.CheckoutTestcases.TC_Checkout_Without_Signin_User(CheckoutTestcases.java:57)
	at java.base/java.util.ArrayList.forEach(ArrayList.java:1511)
... Removed 35 stack frames</div></td></tr></table><p class="totop"><a href="#summary">back to summary</a></p>
<h3 id="m1">com.yadara.testcases.LoginTC01#loginpage</h3><table class="result"><tr><th>Exception</th></tr><tr><td><div class="stacktrace">java.lang.AssertionError: expected [[[ChromeDriver: chrome on WINDOWS (59be88de73ba25ac73d2b2672ecc0e90)] -&gt; xpath: //header/nav[1]/div[1]/div[1]/div[3]/ul[1]/li[3]/span[1]/div[1]/img[1]]] but found [true]
	at com.yadara.testcases.LoginTC01.loginpage(LoginTC01.java:39)
	at java.base/java.util.ArrayList.forEach(ArrayList.java:1511)
... Removed 32 stack frames</div></td></tr></table><p class="totop"><a href="#summary">back to summary</a></p>
<h3 id="m2">com.yadara.testcases.CheckoutTestcases#TC_Checkout_With_SignIn_User</h3><table class="result"><tr class="param"><th>Parameter #1</th><th>Parameter #2</th><th>Parameter #3</th><th>Parameter #4</th><th>Parameter #5</th><th>Parameter #6</th><th>Parameter #7</th><th>Parameter #8</th><th>Parameter #9</th></tr><tr class="param stripe"><td>Yash</td><td>Kabra</td><td>4.11111111111E11</td><td>1226.0</td><td>321.0</td><td>1335.0</td><td>Indore</td><td>MP</td><td>34212.0</td></tr></table><p class="totop"><a href="#summary">back to summary</a></p>
<h3 id="m3">com.yadara.testcases.LoginTC01#clossbutton</h3><table class="result"><tr><th class="invisible"/></tr></table><p class="totop"><a href="#summary">back to summary</a></p>
</body>
</html>
