<?xml version="1.0" encoding="UTF-8"?>
<testng-results ignored="0" total="4" passed="2" failed="2" skipped="0">
  <reporter-output>
  </reporter-output>
  <suite started-at="2023-05-14T06:04:35 IST" name="YADARA Automation Test Suite" finished-at="2023-05-14T06:06:08 IST" duration-ms="92509">
    <groups>
    </groups>
    <test started-at="2023-05-14T06:04:35 IST" name="Checkout Test Cases" finished-at="2023-05-14T06:06:08 IST" duration-ms="92509">
      <class name="com.yadara.testcases.CheckoutTestcases">
        <test-method is-config="true" signature="setup()[pri:0, instance:com.yadara.testcases.CheckoutTestcases@f0da945]" started-at="2023-05-14T06:05:09 IST" name="setup" finished-at="2023-05-14T06:05:16 IST" duration-ms="6610" status="PASS">
          <reporter-output>
          </reporter-output>
        </test-method> <!-- setup -->
        <test-method signature="TC_Checkout_Without_Signin_User(java.lang.String,java.lang.String,java.lang.String,java.lang.String,java.lang.String,java.lang.String,java.lang.String,java.lang.String,java.lang.String)[pri:1, instance:com.yadara.testcases.CheckoutTestcases@f0da945]" started-at="2023-05-14T06:05:16 IST" name="TC_Checkout_Without_Signin_User" data-provider="getpaymentdata" finished-at="2023-05-14T06:05:35 IST" duration-ms="19053" status="FAIL">
          <params>
            <param index="0">
              <value>
                <![CDATA[Yash]]>
              </value>
            </param>
            <param index="1">
              <value>
                <![CDATA[Kabra]]>
              </value>
            </param>
            <param index="2">
              <value>
                <![CDATA[4.11111111111E11]]>
              </value>
            </param>
            <param index="3">
              <value>
                <![CDATA[1226.0]]>
              </value>
            </param>
            <param index="4">
              <value>
                <![CDATA[321.0]]>
              </value>
            </param>
            <param index="5">
              <value>
                <![CDATA[1335.0]]>
              </value>
            </param>
            <param index="6">
              <value>
                <![CDATA[Indore]]>
              </value>
            </param>
            <param index="7">
              <value>
                <![CDATA[MP]]>
              </value>
            </param>
            <param index="8">
              <value>
                <![CDATA[34212.0]]>
              </value>
            </param>
          </params>
          <exception class="org.openqa.selenium.NoSuchElementException">
            <message>
              <![CDATA[no such element: Unable to locate element: {"method":"xpath","selector":"//tbody/tr[1]/td[2]/div[1]/div[1]/div[2]/button[1]"}
  (Session info: chrome=113.0.5672.93)
For documentation on this error, please visit: https://www.seleniumhq.org/exceptions/no_such_element.html
Build info: version: '3.141.59', revision: 'e82be7d358', time: '2018-11-14T08:17:03'
System info: host: 'YASHU-LAPTOP', ip: '192.168.1.8', os.name: 'Windows 11', os.arch: 'amd64', os.version: '10.0', java.version: '17.0.6'
Driver info: org.openqa.selenium.chrome.ChromeDriver
Capabilities {acceptInsecureCerts: false, browserName: chrome, browserVersion: 113.0.5672.93, chrome: {chromedriverVersion: 112.0.5615.49 (bd2a7bcb881c..., userDataDir: C:\Users\yashk\AppData\Loca...}, goog:chromeOptions: {debuggerAddress: localhost:51529}, javascriptEnabled: true, networkConnectionEnabled: false, pageLoadStrategy: normal, platform: WINDOWS, platformName: WINDOWS, proxy: Proxy(), setWindowRect: true, strictFileInteractability: false, timeouts: {implicit: 0, pageLoad: 300000, script: 30000}, unhandledPromptBehavior: dismiss and notify, webauthn:extension:credBlob: true, webauthn:extension:largeBlob: true, webauthn:extension:minPinLength: true, webauthn:extension:prf: true, webauthn:virtualAuthenticators: true}
Session ID: d825f65b8f312a7d7e0c5eab5949adb1
*** Element info: {Using=xpath, value=//tbody/tr[1]/td[2]/div[1]/div[1]/div[2]/button[1]}]]>
            </message>
            <full-stacktrace>
              <![CDATA[org.openqa.selenium.NoSuchElementException: no such element: Unable to locate element: {"method":"xpath","selector":"//tbody/tr[1]/td[2]/div[1]/div[1]/div[2]/button[1]"}
  (Session info: chrome=113.0.5672.93)
For documentation on this error, please visit: https://www.seleniumhq.org/exceptions/no_such_element.html
Build info: version: '3.141.59', revision: 'e82be7d358', time: '2018-11-14T08:17:03'
System info: host: 'YASHU-LAPTOP', ip: '192.168.1.8', os.name: 'Windows 11', os.arch: 'amd64', os.version: '10.0', java.version: '17.0.6'
Driver info: org.openqa.selenium.chrome.ChromeDriver
Capabilities {acceptInsecureCerts: false, browserName: chrome, browserVersion: 113.0.5672.93, chrome: {chromedriverVersion: 112.0.5615.49 (bd2a7bcb881c..., userDataDir: C:\Users\yashk\AppData\Loca...}, goog:chromeOptions: {debuggerAddress: localhost:51529}, javascriptEnabled: true, networkConnectionEnabled: false, pageLoadStrategy: normal, platform: WINDOWS, platformName: WINDOWS, proxy: Proxy(), setWindowRect: true, strictFileInteractability: false, timeouts: {implicit: 0, pageLoad: 300000, script: 30000}, unhandledPromptBehavior: dismiss and notify, webauthn:extension:credBlob: true, webauthn:extension:largeBlob: true, webauthn:extension:minPinLength: true, webauthn:extension:prf: true, webauthn:virtualAuthenticators: true}
Session ID: d825f65b8f312a7d7e0c5eab5949adb1
*** Element info: {Using=xpath, value=//tbody/tr[1]/td[2]/div[1]/div[1]/div[2]/button[1]}
at java.base/jdk.internal.reflect.NativeConstructorAccessorImpl.newInstance0(Native Method)
at java.base/jdk.internal.reflect.NativeConstructorAccessorImpl.newInstance(NativeConstructorAccessorImpl.java:77)
at java.base/jdk.internal.reflect.DelegatingConstructorAccessorImpl.newInstance(DelegatingConstructorAccessorImpl.java:45)
at java.base/java.lang.reflect.Constructor.newInstanceWithCaller(Constructor.java:499)
at java.base/java.lang.reflect.Constructor.newInstance(Constructor.java:480)
at org.openqa.selenium.remote.http.W3CHttpResponseCodec.createException(W3CHttpResponseCodec.java:187)
at org.openqa.selenium.remote.http.W3CHttpResponseCodec.decode(W3CHttpResponseCodec.java:122)
at org.openqa.selenium.remote.http.W3CHttpResponseCodec.decode(W3CHttpResponseCodec.java:49)
at org.openqa.selenium.remote.HttpCommandExecutor.execute(HttpCommandExecutor.java:158)
at org.openqa.selenium.remote.service.DriverCommandExecutor.execute(DriverCommandExecutor.java:83)
at org.openqa.selenium.remote.RemoteWebDriver.execute(RemoteWebDriver.java:552)
at org.openqa.selenium.remote.RemoteWebDriver.findElement(RemoteWebDriver.java:323)
at org.openqa.selenium.remote.RemoteWebDriver.findElementByXPath(RemoteWebDriver.java:428)
at org.openqa.selenium.By$ByXPath.findElement(By.java:353)
at org.openqa.selenium.remote.RemoteWebDriver.findElement(RemoteWebDriver.java:315)
at jdk.internal.reflect.GeneratedMethodAccessor3.invoke(Unknown Source)
at java.base/jdk.internal.reflect.DelegatingMethodAccessorImpl.invoke(DelegatingMethodAccessorImpl.java:43)
at java.base/java.lang.reflect.Method.invoke(Method.java:568)
at org.openqa.selenium.support.events.EventFiringWebDriver.lambda$new$1(EventFiringWebDriver.java:105)
at jdk.proxy2/jdk.proxy2.$Proxy11.findElement(Unknown Source)
at org.openqa.selenium.support.events.EventFiringWebDriver.findElement(EventFiringWebDriver.java:194)
at org.openqa.selenium.support.pagefactory.DefaultElementLocator.findElement(DefaultElementLocator.java:69)
at org.openqa.selenium.support.pagefactory.internal.LocatingElementHandler.invoke(LocatingElementHandler.java:38)
at jdk.proxy2/jdk.proxy2.$Proxy16.click(Unknown Source)
at com.yadara.pages.CategoriesPage.addtocartcategory(CategoriesPage.java:30)
at com.yadara.testcases.CheckoutTestcases.TC_Checkout_Without_Signin_User(CheckoutTestcases.java:57)
at java.base/jdk.internal.reflect.NativeMethodAccessorImpl.invoke0(Native Method)
at java.base/jdk.internal.reflect.NativeMethodAccessorImpl.invoke(NativeMethodAccessorImpl.java:77)
at java.base/jdk.internal.reflect.DelegatingMethodAccessorImpl.invoke(DelegatingMethodAccessorImpl.java:43)
at java.base/java.lang.reflect.Method.invoke(Method.java:568)
at org.testng.internal.MethodInvocationHelper.invokeMethod(MethodInvocationHelper.java:133)
at org.testng.internal.TestInvoker.invokeMethod(TestInvoker.java:598)
at org.testng.internal.TestInvoker.invokeTestMethod(TestInvoker.java:173)
at org.testng.internal.MethodRunner.runInSequence(MethodRunner.java:46)
at org.testng.internal.TestInvoker$MethodInvocationAgent.invoke(TestInvoker.java:824)
at org.testng.internal.TestInvoker.invokeTestMethods(TestInvoker.java:146)
at org.testng.internal.TestMethodWorker.invokeTestMethods(TestMethodWorker.java:146)
at org.testng.internal.TestMethodWorker.run(TestMethodWorker.java:128)
at java.base/java.util.ArrayList.forEach(ArrayList.java:1511)
at org.testng.TestRunner.privateRun(TestRunner.java:794)
at org.testng.TestRunner.run(TestRunner.java:596)
at org.testng.SuiteRunner.runTest(SuiteRunner.java:377)
at org.testng.SuiteRunner.runSequentially(SuiteRunner.java:371)
at org.testng.SuiteRunner.privateRun(SuiteRunner.java:332)
at org.testng.SuiteRunner.run(SuiteRunner.java:276)
at org.testng.SuiteRunnerWorker.runSuite(SuiteRunnerWorker.java:53)
at org.testng.SuiteRunnerWorker.run(SuiteRunnerWorker.java:96)
at org.testng.TestNG.runSuitesSequentially(TestNG.java:1212)
at org.testng.TestNG.runSuitesLocally(TestNG.java:1134)
at org.testng.TestNG.runSuites(TestNG.java:1063)
at org.testng.TestNG.run(TestNG.java:1031)
at org.testng.remote.AbstractRemoteTestNG.run(AbstractRemoteTestNG.java:115)
at org.testng.remote.RemoteTestNG.initAndRun(RemoteTestNG.java:251)
at org.testng.remote.RemoteTestNG.main(RemoteTestNG.java:77)
]]>
            </full-stacktrace>
          </exception> <!-- org.openqa.selenium.NoSuchElementException -->
          <reporter-output>
          </reporter-output>
        </test-method> <!-- TC_Checkout_Without_Signin_User -->
        <test-method is-config="true" signature="TearDown()[pri:0, instance:com.yadara.testcases.CheckoutTestcases@f0da945]" started-at="2023-05-14T06:05:35 IST" name="TearDown" finished-at="2023-05-14T06:05:35 IST" duration-ms="299" status="PASS">
          <reporter-output>
          </reporter-output>
        </test-method> <!-- TearDown -->
        <test-method is-config="true" signature="setup()[pri:0, instance:com.yadara.testcases.CheckoutTestcases@f0da945]" started-at="2023-05-14T06:05:36 IST" name="setup" finished-at="2023-05-14T06:05:43 IST" duration-ms="7081" status="PASS">
          <reporter-output>
          </reporter-output>
        </test-method> <!-- setup -->
        <test-method signature="TC_Checkout_With_SignIn_User(java.lang.String,java.lang.String,java.lang.String,java.lang.String,java.lang.String,java.lang.String,java.lang.String,java.lang.String,java.lang.String)[pri:2, instance:com.yadara.testcases.CheckoutTestcases@f0da945]" started-at="2023-05-14T06:05:43 IST" name="TC_Checkout_With_SignIn_User" data-provider="getpaymentdata" finished-at="2023-05-14T06:06:08 IST" duration-ms="25052" status="PASS">
          <params>
            <param index="0">
              <value>
                <![CDATA[Yash]]>
              </value>
            </param>
            <param index="1">
              <value>
                <![CDATA[Kabra]]>
              </value>
            </param>
            <param index="2">
              <value>
                <![CDATA[4.11111111111E11]]>
              </value>
            </param>
            <param index="3">
              <value>
                <![CDATA[1226.0]]>
              </value>
            </param>
            <param index="4">
              <value>
                <![CDATA[321.0]]>
              </value>
            </param>
            <param index="5">
              <value>
                <![CDATA[1335.0]]>
              </value>
            </param>
            <param index="6">
              <value>
                <![CDATA[Indore]]>
              </value>
            </param>
            <param index="7">
              <value>
                <![CDATA[MP]]>
              </value>
            </param>
            <param index="8">
              <value>
                <![CDATA[34212.0]]>
              </value>
            </param>
          </params>
          <reporter-output>
          </reporter-output>
        </test-method> <!-- TC_Checkout_With_SignIn_User -->
        <test-method is-config="true" signature="TearDown()[pri:0, instance:com.yadara.testcases.CheckoutTestcases@f0da945]" started-at="2023-05-14T06:06:08 IST" name="TearDown" finished-at="2023-05-14T06:06:08 IST" duration-ms="356" status="PASS">
          <reporter-output>
          </reporter-output>
        </test-method> <!-- TearDown -->
      </class> <!-- com.yadara.testcases.CheckoutTestcases -->
      <class name="com.yadara.testcases.LoginTC01">
        <test-method is-config="true" signature="setup()[pri:0, instance:com.yadara.testcases.LoginTC01@28f2a10f]" started-at="2023-05-14T06:04:36 IST" name="setup" finished-at="2023-05-14T06:04:44 IST" duration-ms="8214" status="PASS">
          <reporter-output>
          </reporter-output>
        </test-method> <!-- setup -->
        <test-method signature="clossbutton()[pri:0, instance:com.yadara.testcases.LoginTC01@28f2a10f]" started-at="2023-05-14T06:04:44 IST" name="clossbutton" finished-at="2023-05-14T06:04:46 IST" duration-ms="2637" status="PASS">
          <reporter-output>
          </reporter-output>
        </test-method> <!-- clossbutton -->
        <test-method is-config="true" signature="tearDown()[pri:0, instance:com.yadara.testcases.LoginTC01@28f2a10f]" started-at="2023-05-14T06:04:46 IST" name="tearDown" finished-at="2023-05-14T06:04:47 IST" duration-ms="602" status="PASS">
          <reporter-output>
          </reporter-output>
        </test-method> <!-- tearDown -->
        <test-method is-config="true" signature="setup()[pri:0, instance:com.yadara.testcases.LoginTC01@28f2a10f]" started-at="2023-05-14T06:04:47 IST" name="setup" finished-at="2023-05-14T06:05:01 IST" duration-ms="13675" status="PASS">
          <reporter-output>
          </reporter-output>
        </test-method> <!-- setup -->
        <test-method signature="loginpage()[pri:1, instance:com.yadara.testcases.LoginTC01@28f2a10f]" started-at="2023-05-14T06:05:01 IST" name="loginpage" finished-at="2023-05-14T06:05:08 IST" duration-ms="6924" status="FAIL">
          <exception class="java.lang.AssertionError">
            <message>
              <![CDATA[expected [[[ChromeDriver: chrome on WINDOWS (59be88de73ba25ac73d2b2672ecc0e90)] -> xpath: //header/nav[1]/div[1]/div[1]/div[3]/ul[1]/li[3]/span[1]/div[1]/img[1]]] but found [true]]]>
            </message>
            <full-stacktrace>
              <![CDATA[java.lang.AssertionError: expected [[[ChromeDriver: chrome on WINDOWS (59be88de73ba25ac73d2b2672ecc0e90)] -> xpath: //header/nav[1]/div[1]/div[1]/div[3]/ul[1]/li[3]/span[1]/div[1]/img[1]]] but found [true]
at org.testng.Assert.fail(Assert.java:99)
at org.testng.Assert.failNotEquals(Assert.java:1037)
at org.testng.Assert.assertEqualsImpl(Assert.java:140)
at org.testng.Assert.assertEquals(Assert.java:122)
at org.testng.Assert.assertEquals(Assert.java:617)
at com.yadara.testcases.LoginTC01.loginpage(LoginTC01.java:39)
at java.base/jdk.internal.reflect.NativeMethodAccessorImpl.invoke0(Native Method)
at java.base/jdk.internal.reflect.NativeMethodAccessorImpl.invoke(NativeMethodAccessorImpl.java:77)
at java.base/jdk.internal.reflect.DelegatingMethodAccessorImpl.invoke(DelegatingMethodAccessorImpl.java:43)
at java.base/java.lang.reflect.Method.invoke(Method.java:568)
at org.testng.internal.MethodInvocationHelper.invokeMethod(MethodInvocationHelper.java:133)
at org.testng.internal.TestInvoker.invokeMethod(TestInvoker.java:598)
at org.testng.internal.TestInvoker.invokeTestMethod(TestInvoker.java:173)
at org.testng.internal.MethodRunner.runInSequence(MethodRunner.java:46)
at org.testng.internal.TestInvoker$MethodInvocationAgent.invoke(TestInvoker.java:824)
at org.testng.internal.TestInvoker.invokeTestMethods(TestInvoker.java:146)
at org.testng.internal.TestMethodWorker.invokeTestMethods(TestMethodWorker.java:146)
at org.testng.internal.TestMethodWorker.run(TestMethodWorker.java:128)
at java.base/java.util.ArrayList.forEach(ArrayList.java:1511)
at org.testng.TestRunner.privateRun(TestRunner.java:794)
at org.testng.TestRunner.run(TestRunner.java:596)
at org.testng.SuiteRunner.runTest(SuiteRunner.java:377)
at org.testng.SuiteRunner.runSequentially(SuiteRunner.java:371)
at org.testng.SuiteRunner.privateRun(SuiteRunner.java:332)
at org.testng.SuiteRunner.run(SuiteRunner.java:276)
at org.testng.SuiteRunnerWorker.runSuite(SuiteRunnerWorker.java:53)
at org.testng.SuiteRunnerWorker.run(SuiteRunnerWorker.java:96)
at org.testng.TestNG.runSuitesSequentially(TestNG.java:1212)
at org.testng.TestNG.runSuitesLocally(TestNG.java:1134)
at org.testng.TestNG.runSuites(TestNG.java:1063)
at org.testng.TestNG.run(TestNG.java:1031)
at org.testng.remote.AbstractRemoteTestNG.run(AbstractRemoteTestNG.java:115)
at org.testng.remote.RemoteTestNG.initAndRun(RemoteTestNG.java:251)
at org.testng.remote.RemoteTestNG.main(RemoteTestNG.java:77)
]]>
            </full-stacktrace>
          </exception> <!-- java.lang.AssertionError -->
          <reporter-output>
          </reporter-output>
        </test-method> <!-- loginpage -->
        <test-method is-config="true" signature="tearDown()[pri:0, instance:com.yadara.testcases.LoginTC01@28f2a10f]" started-at="2023-05-14T06:05:08 IST" name="tearDown" finished-at="2023-05-14T06:05:08 IST" duration-ms="536" status="PASS">
          <reporter-output>
          </reporter-output>
        </test-method> <!-- tearDown -->
      </class> <!-- com.yadara.testcases.LoginTC01 -->
    </test> <!-- Checkout Test Cases -->
  </suite> <!-- YADARA Automation Test Suite -->
</testng-results>
